#-----------------------------------------------------------
# Vivado v2019.2 (64-bit)
# SW Build 2708876 on Wed Nov  6 21:40:23 MST 2019
# IP Build 2700528 on Thu Nov  7 00:09:20 MST 2019
# Start of session at: Wed Apr 29 17:00:27 2020
# Process ID: 7224
# Current directory: C:/Users/Tzeaca Computers/Desktop/lab ac/lab6ID pipeline
# Command line: vivado.exe -gui_launcher_event rodinguilauncherevent5272 C:\Users\Tzeaca Computers\Desktop\lab ac\lab6ID pipeline\lab6ID.xpr
# Log file: C:/Users/Tzeaca Computers/Desktop/lab ac/lab6ID pipeline/vivado.log
# Journal file: C:/Users/Tzeaca Computers/Desktop/lab ac/lab6ID pipeline\vivado.jou
#-----------------------------------------------------------
start_gui
open_project {C:/Users/Tzeaca Computers/Desktop/lab ac/lab6ID pipeline/lab6ID.xpr}
INFO: [Project 1-313] Project file moved from 'C:/Users/Tzeaca Computers/Desktop/lab ac/lab6ID' since last save.
Scanning sources...
Finished scanning sources
INFO: [IP_Flow 19-234] Refreshing IP repositories
INFO: [IP_Flow 19-1704] No user IP repositories specified
INFO: [IP_Flow 19-2313] Loaded Vivado IP repository 'C:/Xilinx/Vivado/2019.2/data/ip'.
open_project: Time (s): cpu = 00:00:21 ; elapsed = 00:00:11 . Memory (MB): peak = 753.902 ; gain = 119.914
update_compile_order -fileset sources_1
update_compile_order -fileset sources_1
update_compile_order -fileset sources_1
reset_run synth_1
launch_runs impl_1 -to_step write_bitstream -jobs 8
[Wed Apr 29 18:40:35 2020] Launched synth_1...
Run output will be captured here: C:/Users/Tzeaca Computers/Desktop/lab ac/lab6ID pipeline/lab6ID.runs/synth_1/runme.log
[Wed Apr 29 18:40:35 2020] Launched impl_1...
Run output will be captured here: C:/Users/Tzeaca Computers/Desktop/lab ac/lab6ID pipeline/lab6ID.runs/impl_1/runme.log
reset_run synth_1
launch_runs impl_1 -to_step write_bitstream -jobs 8
[Wed Apr 29 18:41:32 2020] Launched synth_1...
Run output will be captured here: C:/Users/Tzeaca Computers/Desktop/lab ac/lab6ID pipeline/lab6ID.runs/synth_1/runme.log
[Wed Apr 29 18:41:32 2020] Launched impl_1...
Run output will be captured here: C:/Users/Tzeaca Computers/Desktop/lab ac/lab6ID pipeline/lab6ID.runs/impl_1/runme.log
reset_run synth_1
launch_runs impl_1 -to_step write_bitstream -jobs 8
[Wed Apr 29 18:44:32 2020] Launched synth_1...
Run output will be captured here: C:/Users/Tzeaca Computers/Desktop/lab ac/lab6ID pipeline/lab6ID.runs/synth_1/runme.log
[Wed Apr 29 18:44:32 2020] Launched impl_1...
Run output will be captured here: C:/Users/Tzeaca Computers/Desktop/lab ac/lab6ID pipeline/lab6ID.runs/impl_1/runme.log
exit
INFO: [Common 17-206] Exiting Vivado at Wed Apr 29 19:49:33 2020...
