#-----------------------------------------------------------
# Vivado v2019.2 (64-bit)
# SW Build 2708876 on Wed Nov  6 21:40:23 MST 2019
# IP Build 2700528 on Thu Nov  7 00:09:20 MST 2019
# Start of session at: Wed May 13 17:38:10 2020
# Process ID: 3888
# Current directory: C:/Users/Tzeaca Computers/Desktop/lab ac/Mips single cycle vivado
# Command line: vivado.exe -gui_launcher_event rodinguilauncherevent6732 C:\Users\Tzeaca Computers\Desktop\lab ac\Mips single cycle vivado\lab6ID.xpr
# Log file: C:/Users/Tzeaca Computers/Desktop/lab ac/Mips single cycle vivado/vivado.log
# Journal file: C:/Users/Tzeaca Computers/Desktop/lab ac/Mips single cycle vivado\vivado.jou
#-----------------------------------------------------------
start_gui
open_project {C:/Users/Tzeaca Computers/Desktop/lab ac/Mips single cycle vivado/lab6ID.xpr}
INFO: [Project 1-313] Project file moved from 'C:/Users/Tzeaca Computers/Desktop/lab ac/lab6ID' since last save.
Scanning sources...
Finished scanning sources
INFO: [IP_Flow 19-234] Refreshing IP repositories
INFO: [IP_Flow 19-1704] No user IP repositories specified
INFO: [IP_Flow 19-2313] Loaded Vivado IP repository 'C:/Xilinx/Vivado/2019.2/data/ip'.
open_project: Time (s): cpu = 00:00:11 ; elapsed = 00:00:05 . Memory (MB): peak = 743.898 ; gain = 111.242
update_compile_order -fileset sources_1
WARNING: [filemgmt 56-199] Attempt to get parsing info during refresh. "On-the-fly" syntax checking information may be incorrect. [C:\Users\Tzeaca Computers\Desktop\lab ac\Mips single cycle vivado\lab6ID.srcs\sources_1\new\EX.vhd:]
WARNING: [filemgmt 56-199] Attempt to get parsing info during refresh. "On-the-fly" syntax checking information may be incorrect. [C:\Users\Tzeaca Computers\Desktop\lab ac\Mips single cycle vivado\lab6ID.srcs\sources_1\new\IF.vhd:]
WARNING: [filemgmt 56-199] Attempt to get parsing info during refresh. "On-the-fly" syntax checking information may be incorrect. [C:\Users\Tzeaca Computers\Desktop\lab ac\Mips single cycle vivado\lab6ID.srcs\sources_1\new\UC.vhd:]
WARNING: [filemgmt 56-199] Attempt to get parsing info during refresh. "On-the-fly" syntax checking information may be incorrect. [C:\Users\Tzeaca Computers\Desktop\lab ac\Mips single cycle vivado\lab6ID.srcs\sources_1\new\test_new.vhd:]
WARNING: [filemgmt 56-199] Attempt to get parsing info during refresh. "On-the-fly" syntax checking information may be incorrect. [C:\Users\Tzeaca Computers\Desktop\lab ac\Mips single cycle vivado\lab6ID.srcs\sources_1\new\EX.vhd:]
WARNING: [filemgmt 56-199] Attempt to get parsing info during refresh. "On-the-fly" syntax checking information may be incorrect. [C:\Users\Tzeaca Computers\Desktop\lab ac\Mips single cycle vivado\lab6ID.srcs\sources_1\new\IF.vhd:]
WARNING: [filemgmt 56-199] Attempt to get parsing info during refresh. "On-the-fly" syntax checking information may be incorrect. [C:\Users\Tzeaca Computers\Desktop\lab ac\Mips single cycle vivado\lab6ID.srcs\sources_1\new\UC.vhd:]
WARNING: [filemgmt 56-199] Attempt to get parsing info during refresh. "On-the-fly" syntax checking information may be incorrect. [C:\Users\Tzeaca Computers\Desktop\lab ac\Mips single cycle vivado\lab6ID.srcs\sources_1\new\test_new.vhd:]
ERROR: [Common 17-180] Spawn failed: No error
ERROR: [Common 17-180] Spawn failed: No error
exit
INFO: [Common 17-206] Exiting Vivado at Wed May 13 19:06:42 2020...
