#-----------------------------------------------------------
# Vivado v2019.2 (64-bit)
# SW Build 2708876 on Wed Nov  6 21:40:23 MST 2019
# IP Build 2700528 on Thu Nov  7 00:09:20 MST 2019
# Start of session at: Wed May 13 12:15:22 2020
# Process ID: 7296
# Current directory: C:/Users/Tzeaca Computers/Desktop/lab ac/Mips single cycle
# Command line: vivado.exe -gui_launcher_event rodinguilauncherevent6828 C:\Users\Tzeaca Computers\Desktop\lab ac\Mips single cycle\lab6ID.xpr
# Log file: C:/Users/Tzeaca Computers/Desktop/lab ac/Mips single cycle/vivado.log
# Journal file: C:/Users/Tzeaca Computers/Desktop/lab ac/Mips single cycle\vivado.jou
#-----------------------------------------------------------
start_gui
open_project {C:/Users/Tzeaca Computers/Desktop/lab ac/Mips single cycle/lab6ID.xpr}
INFO: [Project 1-313] Project file moved from 'C:/Users/Tzeaca Computers/Desktop/lab ac/lab6ID' since last save.
Scanning sources...
Finished scanning sources
INFO: [IP_Flow 19-234] Refreshing IP repositories
INFO: [IP_Flow 19-1704] No user IP repositories specified
INFO: [IP_Flow 19-2313] Loaded Vivado IP repository 'C:/Xilinx/Vivado/2019.2/data/ip'.
open_project: Time (s): cpu = 00:00:13 ; elapsed = 00:00:05 . Memory (MB): peak = 803.539 ; gain = 163.938
update_compile_order -fileset sources_1
exit
INFO: [Common 17-206] Exiting Vivado at Wed May 13 13:00:40 2020...
